2025-03-16 20:37:18.590 | INFO     | __main__:main:41 - Starting data preparation...
2025-03-16 20:37:18.590 | INFO     | __main__:read_raw_data:26 - Reading raw data from C:\Projects\smart-store-sgollanw\data\raw\customers_data.csv.
2025-03-16 20:37:18.611 | INFO     | __main__:read_raw_data:26 - Reading raw data from C:\Projects\smart-store-sgollanw\data\raw\products_data.csv.
2025-03-16 20:37:18.621 | INFO     | __main__:read_raw_data:26 - Reading raw data from C:\Projects\smart-store-sgollanw\data\raw\sales_data.csv.
2025-03-16 20:37:18.629 | INFO     | __main__:main:45 - Data preparation complete.
2025-03-23 15:59:14.319 | INFO     | __main__:main:59 - ======================
2025-03-23 15:59:14.319 | INFO     | __main__:main:60 - STARTING data_prep.py
2025-03-23 15:59:14.319 | INFO     | __main__:main:61 - ======================
2025-03-23 15:59:14.319 | INFO     | __main__:main:63 - ========================
2025-03-23 15:59:14.319 | INFO     | __main__:main:64 - Starting CUSTOMERS prep
2025-03-23 15:59:14.319 | INFO     | __main__:main:65 - ========================
2025-03-23 15:59:14.340 | INFO     | __main__:save_prepared_data:55 - Data saved to C:\Projects\smart-store-sgollanw\data\prepared\customers_data_prepared.csv
2025-03-23 15:59:14.340 | INFO     | __main__:main:85 - ========================
2025-03-23 15:59:14.340 | INFO     | __main__:main:86 - Starting PRODUCTS prep
2025-03-23 15:59:14.340 | INFO     | __main__:main:87 - ========================
2025-03-23 15:59:14.363 | INFO     | __main__:save_prepared_data:55 - Data saved to C:\Projects\smart-store-sgollanw\data\prepared\products_data_prepared.csv
2025-03-23 15:59:14.363 | INFO     | __main__:main:103 - ========================
2025-03-23 15:59:14.363 | INFO     | __main__:main:104 - Starting SALES prep
2025-03-23 15:59:14.363 | INFO     | __main__:main:105 - ========================
2025-03-23 15:59:14.404 | INFO     | __main__:save_prepared_data:55 - Data saved to C:\Projects\smart-store-sgollanw\data\prepared\sales_data_prepared.csv
2025-03-23 15:59:14.404 | INFO     | __main__:main:124 - ======================
2025-03-23 15:59:14.404 | INFO     | __main__:main:125 - FINISHED data_prep.py
2025-03-23 15:59:14.405 | INFO     | __main__:main:126 - ======================
2025-03-23 16:51:50.106 | INFO     | __main__:<module>:85 - Starting the data preparation process...
2025-03-23 16:51:50.122 | INFO     | __main__:process_data:69 - Loaded and preprocessed raw data.
2025-03-23 16:51:50.122 | INFO     | __main__:verify_columns:27 - Verifying columns and data types...
2025-03-23 16:51:50.122 | INFO     | __main__:verify_columns:41 - Column validation succeeded.
2025-03-23 16:51:50.128 | INFO     | __main__:clean_dataframe:53 - Removed duplicates.
2025-03-23 16:51:50.130 | INFO     | __main__:clean_dataframe:55 - Filtered cutsomers based on LoyaltyPoints.
2025-03-23 16:51:50.133 | INFO     | __main__:process_data:76 - Prepared data saved to data/prepared/customers_data_prepared.csv
2025-03-23 16:51:50.133 | INFO     | __main__:<module>:99 - Data preparation completed.
2025-03-23 16:52:16.522 | INFO     | __main__:main:59 - ======================
2025-03-23 16:52:16.522 | INFO     | __main__:main:60 - STARTING data_prep.py
2025-03-23 16:52:16.522 | INFO     | __main__:main:61 - ======================
2025-03-23 16:52:16.522 | INFO     | __main__:main:63 - ========================
2025-03-23 16:52:16.522 | INFO     | __main__:main:64 - Starting CUSTOMERS prep
2025-03-23 16:52:16.522 | INFO     | __main__:main:65 - ========================
2025-03-23 16:52:16.539 | INFO     | __main__:save_prepared_data:55 - Data saved to C:\Projects\smart-store-sgollanw\data\prepared\customers_data_prepared.csv
2025-03-23 16:52:16.540 | INFO     | __main__:main:85 - ========================
2025-03-23 16:52:16.540 | INFO     | __main__:main:86 - Starting PRODUCTS prep
2025-03-23 16:52:16.540 | INFO     | __main__:main:87 - ========================
2025-03-23 16:52:16.554 | INFO     | __main__:save_prepared_data:55 - Data saved to C:\Projects\smart-store-sgollanw\data\prepared\products_data_prepared.csv
2025-03-23 16:52:16.554 | INFO     | __main__:main:103 - ========================
2025-03-23 16:52:16.554 | INFO     | __main__:main:104 - Starting SALES prep
2025-03-23 16:52:16.555 | INFO     | __main__:main:105 - ========================
2025-03-23 16:52:16.572 | INFO     | __main__:save_prepared_data:55 - Data saved to C:\Projects\smart-store-sgollanw\data\prepared\sales_data_prepared.csv
2025-03-23 16:52:16.573 | INFO     | __main__:main:124 - ======================
2025-03-23 16:52:16.573 | INFO     | __main__:main:125 - FINISHED data_prep.py
2025-03-23 16:52:16.574 | INFO     | __main__:main:126 - ======================
2025-03-23 16:52:26.937 | INFO     | __main__:<module>:85 - Starting the data preparation process...
2025-03-23 16:52:26.947 | INFO     | __main__:process_data:69 - Loaded and preprocessed raw data.
2025-03-23 16:52:26.947 | INFO     | __main__:verify_columns:27 - Verifying columns and data types...
2025-03-23 16:52:26.949 | INFO     | __main__:verify_columns:41 - Column validation succeeded.
2025-03-23 16:52:26.950 | INFO     | __main__:clean_dataframe:53 - Removed duplicates.
2025-03-23 16:52:26.951 | INFO     | __main__:clean_dataframe:55 - Filtered cutsomers based on LoyaltyPoints.
2025-03-23 16:52:26.954 | INFO     | __main__:process_data:76 - Prepared data saved to data/prepared/customers_data_prepared.csv
2025-03-23 16:52:26.954 | INFO     | __main__:<module>:99 - Data preparation completed.
2025-03-23 17:11:59.958 | INFO     | __main__:<module>:85 - Starting the data preparation process...
2025-03-23 17:11:59.967 | ERROR    | __main__:process_data:82 - An unexpected error occurred: 'JoinDate'
2025-03-23 17:11:59.967 | INFO     | __main__:<module>:99 - Data preparation completed.
2025-03-23 17:12:33.645 | INFO     | __main__:<module>:84 - Starting the data preparation process...
2025-03-23 17:12:33.645 | INFO     | __main__:process_data:68 - Loaded and preprocessed raw data.
2025-03-23 17:12:33.645 | INFO     | __main__:verify_columns:27 - Verifying columns and data types...
2025-03-23 17:12:33.645 | INFO     | __main__:verify_columns:41 - Column validation succeeded.
2025-03-23 17:12:33.645 | INFO     | __main__:clean_dataframe:53 - Removed duplicates.
2025-03-23 17:12:33.645 | INFO     | __main__:clean_dataframe:55 - Filtered products based on StockQuantity.
2025-03-23 17:12:33.659 | INFO     | __main__:process_data:75 - Prepared data saved to data/prepared/products_data_prepared.csv
2025-03-23 17:12:33.661 | INFO     | __main__:<module>:98 - Data preparation completed.
2025-03-23 17:22:56.538 | INFO     | __main__:<module>:88 - Starting the data preparation process...
2025-03-23 17:22:56.544 | ERROR    | __main__:process_data:85 - An unexpected error occurred: 'SaleDate'
2025-03-23 17:22:56.544 | INFO     | __main__:<module>:105 - Data preparation completed.
2025-03-23 17:24:58.326 | INFO     | __main__:<module>:88 - Starting the data preparation process...
2025-03-23 17:24:58.335 | INFO     | __main__:process_data:72 - Loaded and preprocessed raw data.
2025-03-23 17:24:58.335 | INFO     | __main__:verify_columns:27 - Verifying columns and data types...
2025-03-23 17:24:58.337 | INFO     | __main__:verify_columns:41 - Column validation succeeded.
2025-03-23 17:24:58.338 | INFO     | __main__:clean_dataframe:53 - Removed duplicates.
2025-03-23 17:24:58.344 | INFO     | __main__:clean_dataframe:57 - Filtered sales data to include only allowed PaymentTypes: ['CreditCard', 'Cash'].
2025-03-23 17:24:58.349 | INFO     | __main__:process_data:79 - Prepared data saved to data/prepared/sales_data_prepared.csv
2025-03-23 17:24:58.349 | INFO     | __main__:<module>:105 - Data preparation completed.
2025-03-23 17:26:06.654 | INFO     | __main__:main:59 - ======================
2025-03-23 17:26:06.654 | INFO     | __main__:main:60 - STARTING data_prep.py
2025-03-23 17:26:06.654 | INFO     | __main__:main:61 - ======================
2025-03-23 17:26:06.654 | INFO     | __main__:main:63 - ========================
2025-03-23 17:26:06.654 | INFO     | __main__:main:64 - Starting CUSTOMERS prep
2025-03-23 17:26:06.654 | INFO     | __main__:main:65 - ========================
2025-03-23 17:26:06.677 | INFO     | __main__:save_prepared_data:55 - Data saved to C:\Projects\smart-store-sgollanw\data\prepared\customers_data_prepared.csv
2025-03-23 17:26:06.677 | INFO     | __main__:main:85 - ========================
2025-03-23 17:26:06.677 | INFO     | __main__:main:86 - Starting PRODUCTS prep
2025-03-23 17:26:06.677 | INFO     | __main__:main:87 - ========================
2025-03-23 17:26:06.693 | INFO     | __main__:save_prepared_data:55 - Data saved to C:\Projects\smart-store-sgollanw\data\prepared\products_data_prepared.csv
2025-03-23 17:26:06.693 | INFO     | __main__:main:103 - ========================
2025-03-23 17:26:06.694 | INFO     | __main__:main:104 - Starting SALES prep
2025-03-23 17:26:06.694 | INFO     | __main__:main:105 - ========================
2025-03-23 17:26:06.712 | INFO     | __main__:save_prepared_data:55 - Data saved to C:\Projects\smart-store-sgollanw\data\prepared\sales_data_prepared.csv
2025-03-23 17:26:06.712 | INFO     | __main__:main:124 - ======================
2025-03-23 17:26:06.712 | INFO     | __main__:main:125 - FINISHED data_prep.py
2025-03-23 17:26:06.712 | INFO     | __main__:main:126 - ======================
2025-03-23 17:26:15.499 | INFO     | __main__:<module>:88 - Starting the data preparation process...
2025-03-23 17:26:15.499 | INFO     | __main__:process_data:72 - Loaded and preprocessed raw data.
2025-03-23 17:26:15.499 | INFO     | __main__:verify_columns:27 - Verifying columns and data types...
2025-03-23 17:26:15.499 | INFO     | __main__:verify_columns:41 - Column validation succeeded.
2025-03-23 17:26:15.507 | INFO     | __main__:clean_dataframe:53 - Removed duplicates.
2025-03-23 17:26:15.508 | INFO     | __main__:clean_dataframe:57 - Filtered sales data to include only allowed PaymentTypes: ['Card', 'Cash'].
2025-03-23 17:26:15.511 | INFO     | __main__:process_data:79 - Prepared data saved to data/prepared/sales_data_prepared.csv
2025-03-23 17:26:15.511 | INFO     | __main__:<module>:105 - Data preparation completed.
